\BOOKMARK [1][-]{section.1}{Daten}{}% 1
\BOOKMARK [2][-]{subsection.1.1}{Teilnehmer}{section.1}% 2
\BOOKMARK [1][-]{section.2}{Scope\040Management}{}% 3
\BOOKMARK [2][-]{subsection.2.1}{Aufgabendefinition}{section.2}% 4
\BOOKMARK [1][-]{section.3}{Qualit\344tsmanagement}{}% 5
\BOOKMARK [2][-]{subsection.3.1}{Qualit\344t\040Planung}{section.3}% 6
\BOOKMARK [2][-]{subsection.3.2}{Qualit\344t\040Sicherung}{section.3}% 7
\BOOKMARK [2][-]{subsection.3.3}{Qualit\344t\040Kontrolle}{section.3}% 8
\BOOKMARK [1][-]{section.4}{Personal\040Management}{}% 9
\BOOKMARK [2][-]{subsection.4.1}{Aufgabenverteilung}{section.4}% 10
\BOOKMARK [1][-]{section.5}{Time\040Management}{}% 11
\BOOKMARK [2][-]{subsection.5.1}{Aufwandssch\344tzung}{section.5}% 12
\BOOKMARK [2][-]{subsection.5.2}{Projektplan}{section.5}% 13
\BOOKMARK [2][-]{subsection.5.3}{Soll/Ist\040Vergleich}{section.5}% 14
\BOOKMARK [1][-]{section.6}{Besonderheiten}{}% 15
\BOOKMARK [2][-]{subsection.6.1}{Beziehungen\040zwischen\040den\040Aufgabenteilen}{section.6}% 16
\BOOKMARK [2][-]{subsection.6.2}{Externe\040Verz\366gerungen}{section.6}% 17
\BOOKMARK [1][-]{section.7}{Organisation}{}% 18
\BOOKMARK [2][-]{subsection.7.1}{Abrechnung\040des\040Time-\040und\040Ressourcenmanagements}{section.7}% 19
\BOOKMARK [3][-]{subsubsection.7.1.1}{Stundenzettel}{subsection.7.1}% 20
\BOOKMARK [2][-]{subsection.7.2}{Kommunikations-\040und\040Toolplanung}{section.7}% 21
\BOOKMARK [2][-]{subsection.7.3}{Urlaub\040und\040Krankheit}{section.7}% 22
\BOOKMARK [1][-]{section*.4}{Literatur}{}% 23
